DEBUG:google.auth._default:Checking chetan.json for explicit credentials as part of auth process...
INFO:root:['[(77, 35), (107, 35), (107, 45), (77, 45)] StateBank\n', '[(36, 150), (46, 150), (46, 157), (36, 157)] AleNo.\n', '[(24, 64), (43, 64), (43, 78), (24, 78)] PATMINISH\n', '[(25, 90), (47, 90), (47, 104), (25, 104)] 544RUPEES\n', '[(93, 90), (124, 90), (124, 104), (93, 104)] SIXTHOUSAND\n', '[(209, 18), (226, 18), (226, 24), (209, 24)] 03867\n', '[(229, 18), (259, 18), (259, 24), (229, 24)] -MAHAVIRNAGAR\n', '[(285, 18), (286, 18), (286, 24), (285, 24)] BHOPAL\n', '[(211, 26), (214, 26), (214, 31), (211, 31)] -3\n', '[(216, 26), (219, 26), (219, 31), (216, 31)]  113\n', '[(230, 26), (252, 26), (252, 31), (230, 31)] ARERACOLONY\n', '[(209, 33), (232, 33), (232, 39), (209, 39)] BHOPALBHOPAL\n', '[(292, 32), (318, 32), (318, 38), (292, 38)] PRADESH462016\n', '[(209, 40), (216, 40), (216, 46), (209, 46)] Tel:\n', '[(222, 40), (231, 40), (231, 45), (222, 45)] 7552422492\n', '[(260, 40), (269, 40), (269, 45), (260, 45)] Fax:\n', '[(289, 39), (303, 39), (303, 44), (289, 44)] Code:\n', '[(350, 38), (368, 38), (368, 44), (350, 44)] SWIFT:\n', '[(153, 170), (163, 170), (163, 175), (153, 175)] SBACCOUNT\n', '[(153, 183), (183, 183), (183, 190), (153, 190)] PREFIX:\n', '[(251, 144), (274, 144), (274, 152), (251, 152)] VALIDUPTO\n', '[(322, 143), (343, 143), (343, 151), (322, 151)] LACSAT\n', '[(360, 143), (377, 143), (377, 150), (360, 150)] NON-\n', '[(43, 216), (70, 216), (70, 226), (43, 226)] MULTI-\n', '[(73, 216), (93, 216), (93, 225), (73, 225)] CITYCHEQUE\n', '[(140, 215), (171, 215), (171, 225), (140, 225)] Payableat\n', '[(186, 215), (199, 215), (199, 224), (186, 224)] Parat\n', '[(213, 215), (222, 215), (222, 224), (213, 224)] AllBranches\n', '[(268, 215), (275, 215), (275, 224), (268, 224)] ofSBI\n', '[(176, 213), (182, 213), (182, 227), (176, 227)] atPar\n', '[(203, 212), (209, 212), (209, 226), (203, 226)] atAl\n', '[(492, 14), (500, 14), (500, 21), (492, 21)]  \n', '[(514, 14), (525, 14), (525, 21), (514, 21)] VALIDFOR\n', '[(541, 14), (556, 14), (556, 21), (541, 21)] MONTHSONLY\n', '[(431, 62), (440, 62), (440, 73), (431, 73)] \n', '[(455, 62), (474, 62), (474, 73), (455, 73)] \n', '[(504, 62), (514, 62), (514, 73), (504, 73)] OR\n', '[(158, 249), (210, 248), (210, 258), (158, 259)] O2198046\n', '[(253, 248), (274, 248), (274, 257), (253, 257)] 2002015\n', '[(333, 247), (385, 246), (385, 256), (333, 257)] 01695831\n', '[(458, 100), (504, 100), (504, 122), (458, 122)] 6000 \n', '[(244, 206), (265, 206), (265, 228), (244, 228)] schesof\n', '[(479, 195), (492, 195), (492, 204), (479, 204)] Mr.SIDDHANT\n', '[(484, 215), (498, 215), (498, 221), (484, 221)] Pleasesign\n', '[(511, 215), (525, 215), (525, 220), (511, 220)] soveNKOR\n']
DEBUG:google.auth._default:Checking chetan.json for explicit credentials as part of auth process...
INFO:root:['[(77, 35), (107, 35), (107, 45), (77, 45)] StateBank', '[(36, 150), (46, 150), (46, 157), (36, 157)] AleNo.', '[(24, 64), (43, 64), (43, 78), (24, 78)] PATMINISH', '[(25, 90), (47, 90), (47, 104), (25, 104)] 544RUPEES', '[(93, 90), (124, 90), (124, 104), (93, 104)] SIXTHOUSAND', '[(209, 18), (226, 18), (226, 24), (209, 24)] 03867', '[(229, 18), (259, 18), (259, 24), (229, 24)] -MAHAVIRNAGAR', '[(285, 18), (286, 18), (286, 24), (285, 24)] BHOPAL', '[(211, 26), (214, 26), (214, 31), (211, 31)] -3', '[(216, 26), (219, 26), (219, 31), (216, 31)]  113', '[(230, 26), (252, 26), (252, 31), (230, 31)] ARERACOLONY', '[(209, 33), (232, 33), (232, 39), (209, 39)] BHOPALBHOPAL', '[(292, 32), (318, 32), (318, 38), (292, 38)] PRADESH462016', '[(209, 40), (216, 40), (216, 46), (209, 46)] Tel:', '[(222, 40), (231, 40), (231, 45), (222, 45)] 7552422492', '[(260, 40), (269, 40), (269, 45), (260, 45)] Fax:', '[(289, 39), (303, 39), (303, 44), (289, 44)] Code:', '[(350, 38), (368, 38), (368, 44), (350, 44)] SWIFT:', '[(153, 170), (163, 170), (163, 175), (153, 175)] SBACCOUNT', '[(153, 183), (183, 183), (183, 190), (153, 190)] PREFIX:', '[(251, 144), (274, 144), (274, 152), (251, 152)] VALIDUPTO', '[(322, 143), (343, 143), (343, 151), (322, 151)] LACSAT', '[(360, 143), (377, 143), (377, 150), (360, 150)] NON-', '[(43, 216), (70, 216), (70, 226), (43, 226)] MULTI-', '[(73, 216), (93, 216), (93, 225), (73, 225)] CITYCHEQUE', '[(140, 215), (171, 215), (171, 225), (140, 225)] Payableat', '[(186, 215), (199, 215), (199, 224), (186, 224)] Parat', '[(213, 215), (222, 215), (222, 224), (213, 224)] AllBranches', '[(268, 215), (275, 215), (275, 224), (268, 224)] ofSBI', '[(176, 213), (182, 213), (182, 227), (176, 227)] atPar', '[(203, 212), (209, 212), (209, 226), (203, 226)] atAl', '[(492, 14), (500, 14), (500, 21), (492, 21)]  ', '[(514, 14), (525, 14), (525, 21), (514, 21)] VALIDFOR', '[(541, 14), (556, 14), (556, 21), (541, 21)] MONTHSONLY', '[(431, 62), (440, 62), (440, 73), (431, 73)] ', '[(455, 62), (474, 62), (474, 73), (455, 73)] ', '[(504, 62), (514, 62), (514, 73), (504, 73)] OR', '[(158, 249), (210, 248), (210, 258), (158, 259)] O2198046', '[(253, 248), (274, 248), (274, 257), (253, 257)] 2002015', '[(333, 247), (385, 246), (385, 256), (333, 257)] 01695831', '[(458, 100), (504, 100), (504, 122), (458, 122)] 6000 ', '[(244, 206), (265, 206), (265, 228), (244, 228)] schesof', '[(479, 195), (492, 195), (492, 204), (479, 204)] Mr.SIDDHANT', '[(484, 215), (498, 215), (498, 221), (484, 221)] Pleasesign', '[(511, 215), (525, 215), (525, 220), (511, 220)] soveNKOR']
DEBUG:google.auth._default:Checking chetan.json for explicit credentials as part of auth process...
DEBUG:google.auth._default:Checking chetan.json for explicit credentials as part of auth process...
DEBUG:google.auth._default:Checking chetan.json for explicit credentials as part of auth process...
DEBUG:google.auth._default:Checking chetan.json for explicit credentials as part of auth process...
DEBUG:google.auth._default:Checking chetan.json for explicit credentials as part of auth process...
DEBUG:google.auth._default:Checking chetan.json for explicit credentials as part of auth process...
DEBUG:google.auth._default:Checking chetan.json for explicit credentials as part of auth process...
DEBUG:google.auth._default:Checking chetan.json for explicit credentials as part of auth process...
DEBUG:google.auth._default:Checking chetan.json for explicit credentials as part of auth process...
DEBUG:google.auth._default:Checking chetan.json for explicit credentials as part of auth process...
DEBUG:google.auth._default:Checking chetan.json for explicit credentials as part of auth process...
DEBUG:google.auth._default:Checking chetan.json for explicit credentials as part of auth process...
DEBUG:google.auth._default:Checking chetan.json for explicit credentials as part of auth process...
DEBUG:google.auth._default:Checking chetan.json for explicit credentials as part of auth process...
DEBUG:google.auth._default:Checking chetan.json for explicit credentials as part of auth process...
DEBUG:google.auth._default:Checking chetan.json for explicit credentials as part of auth process...
DEBUG:google.auth._default:Checking chetan.json for explicit credentials as part of auth process...
DEBUG:google.auth._default:Checking chetan.json for explicit credentials as part of auth process...
DEBUG:google.auth._default:Checking chetan.json for explicit credentials as part of auth process...
DEBUG:google.auth._default:Checking chetan.json for explicit credentials as part of auth process...
DEBUG:google.auth._default:Checking chetan.json for explicit credentials as part of auth process...
DEBUG:google.auth._default:Checking chetan.json for explicit credentials as part of auth process...
DEBUG:google.auth._default:Checking chetan.json for explicit credentials as part of auth process...
DEBUG:google.auth._default:Checking chetan.json for explicit credentials as part of auth process...
DEBUG:google.auth._default:Checking chetan.json for explicit credentials as part of auth process...
DEBUG:google.auth._default:Checking chetan.json for explicit credentials as part of auth process...
DEBUG:google.auth._default:Checking chetan.json for explicit credentials as part of auth process...
DEBUG:google.auth._default:Checking chetan.json for explicit credentials as part of auth process...
DEBUG:google.auth._default:Checking chetan.json for explicit credentials as part of auth process...
DEBUG:google.auth._default:Checking chetan.json for explicit credentials as part of auth process...
DEBUG:google.auth._default:Checking chetan.json for explicit credentials as part of auth process...
DEBUG:google.auth._default:Checking chetan.json for explicit credentials as part of auth process...
DEBUG:google.auth._default:Checking chetan.json for explicit credentials as part of auth process...
DEBUG:google.auth._default:Checking chetan.json for explicit credentials as part of auth process...
DEBUG:google.auth._default:Checking chetan.json for explicit credentials as part of auth process...
DEBUG:google.auth._default:Checking chetan.json for explicit credentials as part of auth process...
DEBUG:google.auth._default:Checking chetan.json for explicit credentials as part of auth process...
DEBUG:google.auth._default:Checking chetan.json for explicit credentials as part of auth process...
DEBUG:google.auth._default:Checking chetan.json for explicit credentials as part of auth process...
DEBUG:google.auth._default:Checking chetan.json for explicit credentials as part of auth process...
DEBUG:google.auth._default:Checking chetan.json for explicit credentials as part of auth process...
DEBUG:google.auth._default:Checking chetan.json for explicit credentials as part of auth process...
DEBUG:google.auth._default:Checking chetan.json for explicit credentials as part of auth process...
DEBUG:google.auth._default:Checking chetan.json for explicit credentials as part of auth process...
DEBUG:google.auth._default:Checking chetan.json for explicit credentials as part of auth process...
DEBUG:google.auth._default:Checking chetan.json for explicit credentials as part of auth process...
DEBUG:google.auth._default:Checking chetan.json for explicit credentials as part of auth process...
DEBUG:google.auth._default:Checking chetan.json for explicit credentials as part of auth process...
DEBUG:google.auth._default:Checking chetan.json for explicit credentials as part of auth process...
DEBUG:google.auth._default:Checking chetan.json for explicit credentials as part of auth process...
DEBUG:google.auth._default:Checking chetan.json for explicit credentials as part of auth process...
DEBUG:google.auth._default:Checking chetan.json for explicit credentials as part of auth process...
